A51 MACRO ASSEMBLER  EXP5                                                                 01/14/2020 21:07:16 PAGE     1


MACRO ASSEMBLER A51 V8.2.7.0
OBJECT MODULE PLACED IN .\Objects\EXP5.obj
ASSEMBLER INVOKED BY: C:\Keil_v5\C51\BIN\A51.EXE ..\..\18BIS0108\EXP5.asm SET(SMALL) DEBUG PRINT(.\Listings\EXP5.lst) OB
                      JECT(.\Objects\EXP5.obj) EP

LOC  OBJ            LINE     SOURCE

0000                   1     ORG 0000H
0000 900300            2     MOV DPTR,#300H
0003 780A              3     MOV R0,#10
0005 E4                4     LOOP: CLR A
0006 93                5     MOVC A,@A+DPTR
0007 2A                6     ADD A,R2
0008 D4                7     DA A 
0009 5001              8     JNC NEXT
000B 0B                9     INC R3
000C A3               10     NEXT:INC DPTR
000D FA               11     MOV R2,A
000E D8F5             12     DJNZ R0,LOOP
0010 80FE             13     HERE: SJMP HERE
0300                  14     ORG 300H
0300 22432334         15     DB 22H,43H,23H,34H,31H,77H,91H,33H,43H,07H
0304 31779133                
0308 4307                    
                      16     END
A51 MACRO ASSEMBLER  EXP5                                                                 01/14/2020 21:07:16 PAGE     2

SYMBOL TABLE LISTING
------ ----- -------


N A M E             T Y P E  V A L U E   ATTRIBUTES

HERE . . . . . . .  C ADDR   0010H   A   
LOOP . . . . . . .  C ADDR   0005H   A   
NEXT . . . . . . .  C ADDR   000CH   A   


REGISTER BANK(S) USED: 0 


ASSEMBLY COMPLETE.  0 WARNING(S), 0 ERROR(S)
