A51 MACRO ASSEMBLER  E4T1                                                                 01/06/2020 23:34:01 PAGE     1


MACRO ASSEMBLER A51 V8.2.7.0
OBJECT MODULE PLACED IN .\Objects\E4T1.obj
ASSEMBLER INVOKED BY: C:\Keil_v5\C51\BIN\A51.EXE E4T1.asm SET(SMALL) DEBUG PRINT(.\Listings\E4T1.lst) OBJECT(.\Objects\E
                      4T1.obj) EP

LOC  OBJ            LINE     SOURCE

0000                   1     ORG 0000H
0000 758055            2     HERE: MOV P0, #55H
0003 759055            3     MOV P1, #55H
0006 75A055            4     MOV P2, #55H
                       5     
0009 1118              6     ACALL DELAY
                       7     
000B 7580AA            8     MOV P0, #0AAH
000E 7590AA            9     MOV P1, #0AAH
0011 75A0AA           10     MOV P2, #0AAH
                      11     
0014 1118             12     ACALL DELAY
                      13     
0016 80E8             14     SJMP HERE
0018 79C8             15     DELAY: MOV R1, #200
001A 7AC8             16     BACK: MOV R2, #200
001C DAFE             17     AGAIN: DJNZ R2, AGAIN
001E D9FA             18     DJNZ R1, BACK
                      19     
0020 22               20     RET
                      21     END
A51 MACRO ASSEMBLER  E4T1                                                                 01/06/2020 23:34:01 PAGE     2

SYMBOL TABLE LISTING
------ ----- -------


N A M E             T Y P E  V A L U E   ATTRIBUTES

AGAIN. . . . . . .  C ADDR   001CH   A   
BACK . . . . . . .  C ADDR   001AH   A   
DELAY. . . . . . .  C ADDR   0018H   A   
HERE . . . . . . .  C ADDR   0000H   A   
P0 . . . . . . . .  D ADDR   0080H   A   
P1 . . . . . . . .  D ADDR   0090H   A   
P2 . . . . . . . .  D ADDR   00A0H   A   


REGISTER BANK(S) USED: 0 


ASSEMBLY COMPLETE.  0 WARNING(S), 0 ERROR(S)
